2025-05-26 19:53:17,171 - recommender - INFO - Recommender module initialized
2025-05-26 19:53:27,808 - recommender - INFO - Data loaded successfully with 62861 rows
2025-05-26 19:53:27,910 - recommender - INFO - Training svd model...
2025-05-26 19:53:28,273 - recommender - INFO - Uploading svd model to S3...
2025-05-26 19:53:33,903 - recommender - INFO - Successfully uploaded svd model to S3
2025-05-26 19:53:33,907 - recommender - INFO - Training nmf model...
2025-05-26 19:53:35,093 - recommender - INFO - Uploading nmf model to S3...
2025-05-26 19:53:37,890 - recommender - INFO - Successfully uploaded nmf model to S3
2025-05-26 19:53:37,892 - recommender - INFO - Training svdpp model...
2025-05-26 19:53:38,108 - recommender - INFO - Uploading svdpp model to S3...
2025-05-26 19:53:39,477 - recommender - INFO - Successfully uploaded svdpp model to S3
2025-05-26 19:53:39,478 - recommender - INFO - Training item_knn model...
2025-05-26 19:53:39,526 - recommender - INFO - Uploading item_knn model to S3...
2025-05-26 19:53:40,035 - recommender - INFO - Successfully uploaded item_knn model to S3
2025-05-26 19:54:41,360 - recommender - INFO - Recommender module initialized
2025-05-26 19:54:51,914 - recommender - INFO - Data loaded successfully with 62861 rows
2025-05-26 19:54:52,029 - recommender - INFO - Training svd model...
2025-05-26 19:54:52,404 - recommender - INFO - Uploading svd model to S3...
2025-05-26 19:54:58,093 - recommender - INFO - Successfully uploaded svd model to S3
2025-05-26 19:54:58,097 - recommender - INFO - Training nmf model...
2025-05-26 19:54:59,293 - recommender - INFO - Uploading nmf model to S3...
2025-05-26 19:55:02,299 - recommender - INFO - Successfully uploaded nmf model to S3
2025-05-26 19:55:02,302 - recommender - INFO - Training svdpp model...
2025-05-26 19:55:02,516 - recommender - INFO - Uploading svdpp model to S3...
2025-05-26 19:55:03,980 - recommender - INFO - Successfully uploaded svdpp model to S3
2025-05-26 19:55:03,982 - recommender - INFO - Training item_knn model...
2025-05-26 19:55:04,034 - recommender - INFO - Uploading item_knn model to S3...
2025-05-26 19:55:04,563 - recommender - INFO - Successfully uploaded item_knn model to S3
2025-05-26 19:55:39,899 - recommender - INFO - Recommender module initialized
2025-05-26 19:55:50,640 - recommender - INFO - Data loaded successfully with 62861 rows
2025-05-26 19:55:50,742 - recommender - INFO - Training svd model...
2025-05-26 19:55:51,096 - recommender - INFO - Uploading svd model to S3...
2025-05-26 19:55:56,801 - recommender - INFO - Successfully uploaded svd model to S3
2025-05-26 19:55:56,804 - recommender - INFO - Training nmf model...
2025-05-26 19:55:58,012 - recommender - INFO - Uploading nmf model to S3...
2025-05-26 19:56:01,122 - recommender - INFO - Successfully uploaded nmf model to S3
2025-05-26 19:56:01,123 - recommender - INFO - Training svdpp model...
2025-05-26 19:56:01,336 - recommender - INFO - Uploading svdpp model to S3...
2025-05-26 19:56:02,899 - recommender - INFO - Successfully uploaded svdpp model to S3
2025-05-26 19:56:02,900 - recommender - INFO - Training item_knn model...
2025-05-26 19:56:02,937 - recommender - INFO - Uploading item_knn model to S3...
2025-05-26 19:56:03,483 - recommender - INFO - Successfully uploaded item_knn model to S3
2025-05-26 20:04:03,710 - recommender - INFO - Recommender module initialized
2025-05-26 20:11:44,726 - recommender - INFO - Recommender module initialized
2025-05-26 20:12:33,877 - recommender - INFO - Recommender module initialized
2025-05-26 20:16:01,293 - recommender - INFO - Recommender module initialized
2025-05-26 20:25:49,444 - recommender - INFO - Recommender module initialized
2025-05-26 20:27:21,674 - recommender - INFO - Recommender module initialized
2025-05-26 20:27:32,243 - recommender - INFO - Data loaded successfully with 62861 rows
2025-05-26 20:27:32,346 - recommender - INFO - Training svd model...
2025-05-26 20:27:32,705 - recommender - INFO - Uploading svd model to S3...
2025-05-26 20:27:38,448 - recommender - INFO - Successfully uploaded svd model to S3
2025-05-26 20:27:38,450 - recommender - INFO - Training nmf model...
2025-05-26 20:27:39,627 - recommender - INFO - Uploading nmf model to S3...
2025-05-26 20:27:42,495 - recommender - INFO - Successfully uploaded nmf model to S3
2025-05-26 20:27:42,498 - recommender - INFO - Training svdpp model...
2025-05-26 20:27:42,710 - recommender - INFO - Uploading svdpp model to S3...
2025-05-26 20:27:44,138 - recommender - INFO - Successfully uploaded svdpp model to S3
2025-05-26 20:27:44,139 - recommender - INFO - Training item_knn model...
2025-05-26 20:27:44,174 - recommender - INFO - Uploading item_knn model to S3...
2025-05-26 20:27:44,728 - recommender - INFO - Successfully uploaded item_knn model to S3
2025-05-26 20:30:05,880 - recommender - INFO - Recommender module initialized
2025-05-26 20:30:17,357 - recommender - INFO - Data loaded successfully with 62861 rows
2025-05-26 20:30:17,461 - recommender - INFO - Training svd model...
2025-05-26 20:30:17,820 - recommender - INFO - Uploading svd model to S3...
2025-05-26 20:30:23,530 - recommender - INFO - Successfully uploaded svd model to S3
2025-05-26 20:30:23,531 - recommender - INFO - Training nmf model...
2025-05-26 20:30:25,191 - recommender - INFO - Uploading nmf model to S3...
2025-05-26 20:30:28,758 - recommender - INFO - Successfully uploaded nmf model to S3
2025-05-26 20:30:28,763 - recommender - INFO - Training svdpp model...
2025-05-26 20:30:29,000 - recommender - INFO - Uploading svdpp model to S3...
2025-05-26 20:30:30,669 - recommender - INFO - Successfully uploaded svdpp model to S3
2025-05-26 20:30:30,670 - recommender - INFO - Training user_knn model...
2025-05-26 20:31:06,252 - recommender - INFO - Uploading user_knn model to S3...
2025-05-26 20:48:17,460 - recommender - INFO - Successfully uploaded user_knn model to S3
2025-05-26 20:48:17,784 - recommender - INFO - Training item_knn model...
2025-05-26 20:48:17,932 - recommender - INFO - Uploading item_knn model to S3...
2025-05-26 20:48:18,700 - recommender - INFO - Successfully uploaded item_knn model to S3
2025-05-26 23:00:32,316 - recommender - INFO - Recommender module initialized
2025-05-26 23:00:42,993 - recommender - INFO - Data loaded successfully with 62861 rows
2025-05-26 23:00:43,103 - recommender - INFO - Training svd model...
2025-05-26 23:00:43,459 - recommender - INFO - Uploading svd model to S3...
2025-05-26 23:00:49,355 - recommender - INFO - Successfully uploaded svd model to S3
2025-05-26 23:00:49,358 - recommender - INFO - Training nmf model...
2025-05-26 23:00:50,545 - recommender - INFO - Uploading nmf model to S3...
2025-05-26 23:00:53,558 - recommender - INFO - Successfully uploaded nmf model to S3
2025-05-26 23:00:53,561 - recommender - INFO - Training svdpp model...
2025-05-26 23:00:53,777 - recommender - INFO - Uploading svdpp model to S3...
2025-05-26 23:00:55,404 - recommender - INFO - Successfully uploaded svdpp model to S3
2025-05-26 23:00:55,405 - recommender - INFO - Training item_knn model...
2025-05-26 23:00:55,438 - recommender - INFO - Uploading item_knn model to S3...
2025-05-26 23:00:56,005 - recommender - INFO - Successfully uploaded item_knn model to S3
2025-05-26 23:02:29,018 - recommender - INFO - Recommender module initialized
2025-05-26 23:02:41,146 - recommender - INFO - Data loaded successfully with 62861 rows
2025-05-26 23:02:41,251 - recommender - INFO - Training svd model...
2025-05-26 23:02:41,606 - recommender - INFO - Uploading svd model to S3...
2025-05-26 23:02:46,783 - recommender - INFO - Successfully uploaded svd model to S3
2025-05-26 23:02:46,787 - recommender - INFO - Training nmf model...
2025-05-26 23:02:47,967 - recommender - INFO - Uploading nmf model to S3...
2025-05-26 23:02:51,095 - recommender - INFO - Successfully uploaded nmf model to S3
2025-05-26 23:02:51,097 - recommender - INFO - Training svdpp model...
2025-05-26 23:02:51,311 - recommender - INFO - Uploading svdpp model to S3...
2025-05-26 23:02:53,814 - recommender - INFO - Successfully uploaded svdpp model to S3
2025-05-26 23:02:53,814 - recommender - INFO - Training item_knn model...
2025-05-26 23:02:53,848 - recommender - INFO - Uploading item_knn model to S3...
2025-05-26 23:02:54,781 - recommender - INFO - Successfully uploaded item_knn model to S3
